<?xml version="1.0" encoding="UTF-8"?>
<testng-results ignored="0" total="1" passed="1" failed="0" skipped="0">
  <reporter-output>
  </reporter-output>
  <suite started-at="2025-05-31T17:32:28 IST" name="Suite" finished-at="2025-05-31T17:32:48 IST" duration-ms="19866">
    <groups>
    </groups>
    <test started-at="2025-05-31T17:32:28 IST" name="Test" finished-at="2025-05-31T17:32:48 IST" duration-ms="19866">
      <class name="tests.PlaceOrderTest">
        <test-method is-config="true" signature="setUpReports()[pri:0, instance:tests.PlaceOrderTest@1fa121e2]" started-at="2025-05-31T17:32:28 IST" name="setUpReports" finished-at="2025-05-31T17:32:28 IST" duration-ms="277" status="PASS">
          <reporter-output>
          </reporter-output>
        </test-method> <!-- setUpReports -->
        <test-method is-config="true" signature="beforeMethod()[pri:0, instance:tests.PlaceOrderTest@1fa121e2]" started-at="2025-05-31T17:32:28 IST" name="beforeMethod" finished-at="2025-05-31T17:32:35 IST" duration-ms="6417" status="PASS">
          <reporter-output>
          </reporter-output>
        </test-method> <!-- beforeMethod -->
        <test-method signature="testPlaceOrder()[pri:0, instance:tests.PlaceOrderTest@1fa121e2]" started-at="2025-05-31T17:32:35 IST" name="testPlaceOrder" finished-at="2025-05-31T17:32:42 IST" duration-ms="6928" status="PASS">
          <reporter-output>
          </reporter-output>
        </test-method> <!-- testPlaceOrder -->
        <test-method is-config="true" signature="afterMethod()[pri:0, instance:tests.PlaceOrderTest@1fa121e2]" started-at="2025-05-31T17:32:42 IST" name="afterMethod" finished-at="2025-05-31T17:32:48 IST" duration-ms="5890" status="PASS">
          <reporter-output>
          </reporter-output>
        </test-method> <!-- afterMethod -->
        <test-method is-config="true" signature="writeReports()[pri:0, instance:tests.PlaceOrderTest@1fa121e2]" started-at="2025-05-31T17:32:48 IST" name="writeReports" finished-at="2025-05-31T17:32:48 IST" duration-ms="303" status="PASS">
          <reporter-output>
          </reporter-output>
        </test-method> <!-- writeReports -->
      </class> <!-- tests.PlaceOrderTest -->
    </test> <!-- Test -->
  </suite> <!-- Suite -->
</testng-results>
