<?xml version="1.0" encoding="UTF-8"?>
<testng-results ignored="0" total="1" passed="1" failed="0" skipped="0">
  <reporter-output>
  </reporter-output>
  <suite started-at="2025-06-02T09:22:20 IST" name="Suite" finished-at="2025-06-02T09:22:38 IST" duration-ms="17654">
    <groups>
    </groups>
    <test started-at="2025-06-02T09:22:20 IST" name="Test" finished-at="2025-06-02T09:22:38 IST" duration-ms="17654">
      <class name="tests.PlaceOrderTest">
        <test-method is-config="true" signature="beforeClass()[pri:0, instance:tests.PlaceOrderTest@4d1c00d0]" started-at="2025-06-02T09:22:20 IST" name="beforeClass" finished-at="2025-06-02T09:22:20 IST" duration-ms="21" status="PASS">
          <reporter-output>
          </reporter-output>
        </test-method> <!-- beforeClass -->
        <test-method is-config="true" signature="setUpReports()[pri:0, instance:tests.PlaceOrderTest@4d1c00d0]" started-at="2025-06-02T09:22:20 IST" name="setUpReports" finished-at="2025-06-02T09:22:21 IST" duration-ms="491" status="PASS">
          <reporter-output>
          </reporter-output>
        </test-method> <!-- setUpReports -->
        <test-method is-config="true" signature="beforeMethod()[pri:0, instance:tests.PlaceOrderTest@4d1c00d0]" started-at="2025-06-02T09:22:21 IST" name="beforeMethod" finished-at="2025-06-02T09:22:24 IST" duration-ms="2868" status="PASS">
          <reporter-output>
          </reporter-output>
        </test-method> <!-- beforeMethod -->
        <test-method signature="testPlaceOrder()[pri:0, instance:tests.PlaceOrderTest@4d1c00d0]" started-at="2025-06-02T09:22:24 IST" name="testPlaceOrder" finished-at="2025-06-02T09:22:27 IST" duration-ms="3238" status="PASS">
          <reporter-output>
          </reporter-output>
        </test-method> <!-- testPlaceOrder -->
        <test-method is-config="true" signature="afterMethod()[pri:0, instance:tests.PlaceOrderTest@4d1c00d0]" started-at="2025-06-02T09:22:27 IST" name="afterMethod" finished-at="2025-06-02T09:22:37 IST" duration-ms="10373" status="PASS">
          <reporter-output>
          </reporter-output>
        </test-method> <!-- afterMethod -->
        <test-method is-config="true" signature="afterClass()[pri:0, instance:tests.PlaceOrderTest@4d1c00d0]" started-at="2025-06-02T09:22:37 IST" name="afterClass" finished-at="2025-06-02T09:22:37 IST" duration-ms="1" status="PASS">
          <reporter-output>
          </reporter-output>
        </test-method> <!-- afterClass -->
        <test-method is-config="true" signature="writeReports()[pri:0, instance:tests.PlaceOrderTest@4d1c00d0]" started-at="2025-06-02T09:22:37 IST" name="writeReports" finished-at="2025-06-02T09:22:38 IST" duration-ms="573" status="PASS">
          <reporter-output>
          </reporter-output>
        </test-method> <!-- writeReports -->
      </class> <!-- tests.PlaceOrderTest -->
    </test> <!-- Test -->
  </suite> <!-- Suite -->
</testng-results>
